

Microchip MPLAB XC8 Assembler V2.20 build 20200408173844 
                                                                                               Tue Feb 16 00:19:47 2021

Microchip MPLAB XC8 C Compiler v2.20 (Free license) build 20200408173844 Og1 
     1                           	processor	16F887
     2                           	pagewidth 120
     3                           	opt	flic
     4                           	psect	cinit,global,class=CODE,merge=1,delta=2
     5                           	psect	bssCOMMON,global,class=COMMON,space=1,delta=1,noexec
     6                           	psect	cstackCOMMON,global,class=COMMON,space=1,delta=1,noexec
     7                           	psect	cstackBANK0,global,class=BANK0,space=1,delta=1,noexec
     8                           	psect	maintext,global,class=CODE,split=1,delta=2
     9                           	psect	text1,local,class=CODE,merge=1,delta=2
    10                           	psect	text2,local,class=CODE,merge=1,delta=2
    11                           	psect	text3,local,class=CODE,merge=1,delta=2
    12                           	psect	text4,local,class=CODE,merge=1,delta=2
    13                           	psect	intentry,global,class=CODE,delta=2
    14                           	psect	text5,local,class=CODE,merge=1,delta=2
    15                           	psect	config,global,abs,ovrld,class=CONFIG,space=4,delta=2,noexec
    16                           	dabs	1,0x7E,2
    17  0000                     
    18                           ; Version 2.20
    19                           ; Generated 09/04/2020 GMT
    20                           ; 
    21                           ; Copyright © 2020, Microchip Technology Inc. and its subsidiaries ("Microchip")
    22                           ; All rights reserved.
    23                           ; 
    24                           ; This software is developed by Microchip Technology Inc. and its subsidiaries ("Microch
      +                          ip").
    25                           ; 
    26                           ; Redistribution and use in source and binary forms, with or without modification, are
    27                           ; permitted provided that the following conditions are met:
    28                           ; 
    29                           ;     1. Redistributions of source code must retain the above copyright notice, this lis
      +                          t of
    30                           ;        conditions and the following disclaimer.
    31                           ; 
    32                           ;     2. Redistributions in binary form must reproduce the above copyright notice, this 
      +                          list
    33                           ;        of conditions and the following disclaimer in the documentation and/or other
    34                           ;        materials provided with the distribution.
    35                           ; 
    36                           ;     3. Microchip's name may not be used to endorse or promote products derived from th
      +                          is
    37                           ;        software without specific prior written permission.
    38                           ; 
    39                           ; THIS SOFTWARE IS PROVIDED BY MICROCHIP "AS IS" AND ANY EXPRESS OR IMPLIED WARRANTIES,
    40                           ; INCLUDING, BUT NOT LIMITED TO, THE IMPLIED WARRANTIES OF MERCHANTABILITY AND FITNESS F
      +                          OR
    41                           ; PURPOSE ARE DISCLAIMED.  IN NO EVENT SHALL MICROCHIP BE LIABLE FOR ANY DIRECT, INDIREC
      +                          T,
    42                           ; INCIDENTAL, SPECIAL, EXEMPLARY, OR CONSEQUENTIAL DAMAGES (INCLUDING BUT NOT LIMITED TO
    43                           ; PROCUREMENT OF SUBSTITUTE GOODS OR SERVICES; LOSS OF USE, DATA OR PROFITS; OR BUSINESS
    44                           ; INTERRUPTION) HOWSOEVER CAUSED AND ON ANY THEORY OF LIABILITY, WHETHER IN CONTRACT, ST
      +                          RICT
    45                           ; LIABILITY, OR TORT (INCLUDING NEGLIGENCE OR OTHERWISE) ARISING IN ANY WAY OUT OF THE U
      +                          SE OF
    46                           ; THIS SOFTWARE, EVEN IF ADVISED OF THE POSSIBILITY OF SUCH DAMAGE.
    47                           ; 
    48                           ; 
    49                           ; Code-generator required, PIC16F887 Definitions
    50                           ; 
    51                           ; SFR Addresses
    52  0000                     	;# 
    53  0001                     	;# 
    54  0002                     	;# 
    55  0003                     	;# 
    56  0004                     	;# 
    57  0005                     	;# 
    58  0006                     	;# 
    59  0007                     	;# 
    60  0008                     	;# 
    61  0009                     	;# 
    62  000A                     	;# 
    63  000B                     	;# 
    64  000C                     	;# 
    65  000D                     	;# 
    66  000E                     	;# 
    67  000E                     	;# 
    68  000F                     	;# 
    69  0010                     	;# 
    70  0011                     	;# 
    71  0012                     	;# 
    72  0013                     	;# 
    73  0014                     	;# 
    74  0015                     	;# 
    75  0015                     	;# 
    76  0016                     	;# 
    77  0017                     	;# 
    78  0018                     	;# 
    79  0019                     	;# 
    80  001A                     	;# 
    81  001B                     	;# 
    82  001B                     	;# 
    83  001C                     	;# 
    84  001D                     	;# 
    85  001E                     	;# 
    86  001F                     	;# 
    87  0081                     	;# 
    88  0085                     	;# 
    89  0086                     	;# 
    90  0087                     	;# 
    91  0088                     	;# 
    92  0089                     	;# 
    93  008C                     	;# 
    94  008D                     	;# 
    95  008E                     	;# 
    96  008F                     	;# 
    97  0090                     	;# 
    98  0091                     	;# 
    99  0092                     	;# 
   100  0093                     	;# 
   101  0093                     	;# 
   102  0093                     	;# 
   103  0094                     	;# 
   104  0095                     	;# 
   105  0096                     	;# 
   106  0097                     	;# 
   107  0098                     	;# 
   108  0099                     	;# 
   109  009A                     	;# 
   110  009B                     	;# 
   111  009C                     	;# 
   112  009D                     	;# 
   113  009E                     	;# 
   114  009F                     	;# 
   115  0105                     	;# 
   116  0107                     	;# 
   117  0108                     	;# 
   118  0109                     	;# 
   119  010C                     	;# 
   120  010C                     	;# 
   121  010D                     	;# 
   122  010E                     	;# 
   123  010F                     	;# 
   124  0185                     	;# 
   125  0187                     	;# 
   126  0188                     	;# 
   127  0189                     	;# 
   128  018C                     	;# 
   129  018D                     	;# 
   130  0000                     	;# 
   131  0001                     	;# 
   132  0002                     	;# 
   133  0003                     	;# 
   134  0004                     	;# 
   135  0005                     	;# 
   136  0006                     	;# 
   137  0007                     	;# 
   138  0008                     	;# 
   139  0009                     	;# 
   140  000A                     	;# 
   141  000B                     	;# 
   142  000C                     	;# 
   143  000D                     	;# 
   144  000E                     	;# 
   145  000E                     	;# 
   146  000F                     	;# 
   147  0010                     	;# 
   148  0011                     	;# 
   149  0012                     	;# 
   150  0013                     	;# 
   151  0014                     	;# 
   152  0015                     	;# 
   153  0015                     	;# 
   154  0016                     	;# 
   155  0017                     	;# 
   156  0018                     	;# 
   157  0019                     	;# 
   158  001A                     	;# 
   159  001B                     	;# 
   160  001B                     	;# 
   161  001C                     	;# 
   162  001D                     	;# 
   163  001E                     	;# 
   164  001F                     	;# 
   165  0081                     	;# 
   166  0085                     	;# 
   167  0086                     	;# 
   168  0087                     	;# 
   169  0088                     	;# 
   170  0089                     	;# 
   171  008C                     	;# 
   172  008D                     	;# 
   173  008E                     	;# 
   174  008F                     	;# 
   175  0090                     	;# 
   176  0091                     	;# 
   177  0092                     	;# 
   178  0093                     	;# 
   179  0093                     	;# 
   180  0093                     	;# 
   181  0094                     	;# 
   182  0095                     	;# 
   183  0096                     	;# 
   184  0097                     	;# 
   185  0098                     	;# 
   186  0099                     	;# 
   187  009A                     	;# 
   188  009B                     	;# 
   189  009C                     	;# 
   190  009D                     	;# 
   191  009E                     	;# 
   192  009F                     	;# 
   193  0105                     	;# 
   194  0107                     	;# 
   195  0108                     	;# 
   196  0109                     	;# 
   197  010C                     	;# 
   198  010C                     	;# 
   199  010D                     	;# 
   200  010E                     	;# 
   201  010F                     	;# 
   202  0185                     	;# 
   203  0187                     	;# 
   204  0188                     	;# 
   205  0189                     	;# 
   206  018C                     	;# 
   207  018D                     	;# 
   208  0000                     	;# 
   209  0001                     	;# 
   210  0002                     	;# 
   211  0003                     	;# 
   212  0004                     	;# 
   213  0005                     	;# 
   214  0006                     	;# 
   215  0007                     	;# 
   216  0008                     	;# 
   217  0009                     	;# 
   218  000A                     	;# 
   219  000B                     	;# 
   220  000C                     	;# 
   221  000D                     	;# 
   222  000E                     	;# 
   223  000E                     	;# 
   224  000F                     	;# 
   225  0010                     	;# 
   226  0011                     	;# 
   227  0012                     	;# 
   228  0013                     	;# 
   229  0014                     	;# 
   230  0015                     	;# 
   231  0015                     	;# 
   232  0016                     	;# 
   233  0017                     	;# 
   234  0018                     	;# 
   235  0019                     	;# 
   236  001A                     	;# 
   237  001B                     	;# 
   238  001B                     	;# 
   239  001C                     	;# 
   240  001D                     	;# 
   241  001E                     	;# 
   242  001F                     	;# 
   243  0081                     	;# 
   244  0085                     	;# 
   245  0086                     	;# 
   246  0087                     	;# 
   247  0088                     	;# 
   248  0089                     	;# 
   249  008C                     	;# 
   250  008D                     	;# 
   251  008E                     	;# 
   252  008F                     	;# 
   253  0090                     	;# 
   254  0091                     	;# 
   255  0092                     	;# 
   256  0093                     	;# 
   257  0093                     	;# 
   258  0093                     	;# 
   259  0094                     	;# 
   260  0095                     	;# 
   261  0096                     	;# 
   262  0097                     	;# 
   263  0098                     	;# 
   264  0099                     	;# 
   265  009A                     	;# 
   266  009B                     	;# 
   267  009C                     	;# 
   268  009D                     	;# 
   269  009E                     	;# 
   270  009F                     	;# 
   271  0105                     	;# 
   272  0107                     	;# 
   273  0108                     	;# 
   274  0109                     	;# 
   275  010C                     	;# 
   276  010C                     	;# 
   277  010D                     	;# 
   278  010E                     	;# 
   279  010F                     	;# 
   280  0185                     	;# 
   281  0187                     	;# 
   282  0188                     	;# 
   283  0189                     	;# 
   284  018C                     	;# 
   285  018D                     	;# 
   286  0000                     	;# 
   287  0001                     	;# 
   288  0002                     	;# 
   289  0003                     	;# 
   290  0004                     	;# 
   291  0005                     	;# 
   292  0006                     	;# 
   293  0007                     	;# 
   294  0008                     	;# 
   295  0009                     	;# 
   296  000A                     	;# 
   297  000B                     	;# 
   298  000C                     	;# 
   299  000D                     	;# 
   300  000E                     	;# 
   301  000E                     	;# 
   302  000F                     	;# 
   303  0010                     	;# 
   304  0011                     	;# 
   305  0012                     	;# 
   306  0013                     	;# 
   307  0014                     	;# 
   308  0015                     	;# 
   309  0015                     	;# 
   310  0016                     	;# 
   311  0017                     	;# 
   312  0018                     	;# 
   313  0019                     	;# 
   314  001A                     	;# 
   315  001B                     	;# 
   316  001B                     	;# 
   317  001C                     	;# 
   318  001D                     	;# 
   319  001E                     	;# 
   320  001F                     	;# 
   321  0081                     	;# 
   322  0085                     	;# 
   323  0086                     	;# 
   324  0087                     	;# 
   325  0088                     	;# 
   326  0089                     	;# 
   327  008C                     	;# 
   328  008D                     	;# 
   329  008E                     	;# 
   330  008F                     	;# 
   331  0090                     	;# 
   332  0091                     	;# 
   333  0092                     	;# 
   334  0093                     	;# 
   335  0093                     	;# 
   336  0093                     	;# 
   337  0094                     	;# 
   338  0095                     	;# 
   339  0096                     	;# 
   340  0097                     	;# 
   341  0098                     	;# 
   342  0099                     	;# 
   343  009A                     	;# 
   344  009B                     	;# 
   345  009C                     	;# 
   346  009D                     	;# 
   347  009E                     	;# 
   348  009F                     	;# 
   349  0105                     	;# 
   350  0107                     	;# 
   351  0108                     	;# 
   352  0109                     	;# 
   353  010C                     	;# 
   354  010C                     	;# 
   355  010D                     	;# 
   356  010E                     	;# 
   357  010F                     	;# 
   358  0185                     	;# 
   359  0187                     	;# 
   360  0188                     	;# 
   361  0189                     	;# 
   362  018C                     	;# 
   363  018D                     	;# 
   364  000C                     _PIR1bits	set	12
   365  0006                     _PORTB	set	6
   366  0006                     _PORTBbits	set	6
   367  000B                     _INTCONbits	set	11
   368  0008                     _PORTD	set	8
   369  0013                     _SSPBUF	set	19
   370  0014                     _SSPCON	set	20
   371  0063                     _SSPIF	set	99
   372  0096                     _IOCBbits	set	150
   373  0095                     _WPUBbits	set	149
   374  0085                     _TRISAbits	set	133
   375  008C                     _PIE1bits	set	140
   376  0081                     _OPTION_REGbits	set	129
   377  0087                     _TRISC	set	135
   378  0088                     _TRISD	set	136
   379  0085                     _TRISA	set	133
   380  0086                     _TRISB	set	134
   381  0094                     _SSPSTATbits	set	148
   382  0094                     _SSPSTAT	set	148
   383  008F                     _OSCCONbits	set	143
   384  043B                     _TRISC3	set	1083
   385  043D                     _TRISC5	set	1085
   386  0189                     _ANSELH	set	393
   387  0188                     _ANSEL	set	392
   388                           
   389                           	psect	cinit
   390  0013                     start_initialization:	
   391                           ; #config settings
   392                           
   393  0013                     __initialization:
   394                           
   395                           ; Clear objects allocated to COMMON
   396  0013  01F6               	clrf	__pbssCOMMON& (0+127)
   397  0014  01F7               	clrf	(__pbssCOMMON+1)& (0+127)
   398  0015  01F8               	clrf	(__pbssCOMMON+2)& (0+127)
   399  0016  01F9               	clrf	(__pbssCOMMON+3)& (0+127)
   400  0017                     end_of_initialization:	
   401                           ;End of C runtime variable initialization code
   402                           
   403  0017                     __end_of__initialization:
   404  0017  0183               	clrf	3
   405  0018  120A  118A  28E4   	ljmp	_main	;jump to C main() function
   406                           
   407                           	psect	bssCOMMON
   408  0076                     __pbssCOMMON:
   409  0076                     _estadoC2:
   410  0076                     	ds	1
   411  0077                     _estadoSalidaC2:
   412  0077                     	ds	1
   413  0078                     _estado:
   414  0078                     	ds	1
   415  0079                     _estadoSalida:
   416  0079                     	ds	1
   417                           
   418                           	psect	cstackCOMMON
   419  0070                     __pcstackCOMMON:
   420  0070                     ?_Setup:
   421  0070                     ?_initOsc:	
   422                           ; 1 bytes @ 0x0
   423                           
   424  0070                     ?_spiWrite:	
   425                           ; 1 bytes @ 0x0
   426                           
   427  0070                     ??_spiWrite:	
   428                           ; 1 bytes @ 0x0
   429                           
   430  0070                     ?_isr:	
   431                           ; 1 bytes @ 0x0
   432                           
   433  0070                     ?_main:	
   434                           ; 1 bytes @ 0x0
   435                           
   436  0070                     spiWrite@dat:	
   437                           ; 1 bytes @ 0x0
   438                           
   439                           
   440                           ; 1 bytes @ 0x0
   441  0070                     	ds	1
   442  0071                     ??_isr:
   443                           
   444                           ; 1 bytes @ 0x1
   445  0071                     	ds	3
   446  0074                     ??_initOsc:
   447  0074                     ??_spiInit:	
   448                           ; 1 bytes @ 0x4
   449                           
   450  0074                     spiInit@sType:	
   451                           ; 1 bytes @ 0x4
   452                           
   453                           
   454                           ; 1 bytes @ 0x4
   455  0074                     	ds	1
   456  0075                     ??_Setup:
   457                           
   458                           ; 1 bytes @ 0x5
   459  0075                     	ds	1
   460  0076                     ??_main:
   461                           
   462                           	psect	cstackBANK0
   463  0020                     __pcstackBANK0:	
   464                           ; 1 bytes @ 0x6
   465                           
   466  0020                     ?_spiInit:
   467  0020                     initOsc@frec:	
   468                           ; 1 bytes @ 0x0
   469                           
   470  0020                     spiInit@sDataSample:	
   471                           ; 1 bytes @ 0x0
   472                           
   473                           
   474                           ; 1 bytes @ 0x0
   475  0020                     	ds	1
   476  0021                     spiInit@sClockIdle:
   477                           
   478                           ; 1 bytes @ 0x1
   479  0021                     	ds	1
   480  0022                     spiInit@sTransmitEdge:
   481                           
   482                           ; 1 bytes @ 0x2
   483  0022                     	ds	1
   484                           
   485                           	psect	maintext
   486  00E4                     __pmaintext:	
   487 ;;
   488 ;;Main: autosize = 0, tempsize = 0, incstack = 0, save=0
   489 ;;
   490 ;; *************** function _main *****************
   491 ;; Defined at:
   492 ;;		line 98 in file "C:/Users/Carlo/OneDrive/Documentos/Quinto Semestre/Digital2/P1S3CONT.X/main.c"
   493 ;; Parameters:    Size  Location     Type
   494 ;;		None
   495 ;; Auto vars:     Size  Location     Type
   496 ;;		None
   497 ;; Return value:  Size  Location     Type
   498 ;;                  1    wreg      void 
   499 ;; Registers used:
   500 ;;		wreg, fsr0l, fsr0h, status,2, status,0, pclath, cstack
   501 ;; Tracked objects:
   502 ;;		On entry : B00/0
   503 ;;		On exit  : 0/0
   504 ;;		Unchanged: 0/0
   505 ;; Data sizes:     COMMON   BANK0   BANK1   BANK3   BANK2
   506 ;;      Params:         0       0       0       0       0
   507 ;;      Locals:         0       0       0       0       0
   508 ;;      Temps:          0       0       0       0       0
   509 ;;      Totals:         0       0       0       0       0
   510 ;;Total ram usage:        0 bytes
   511 ;; Hardware stack levels required when called:    4
   512 ;; This function calls:
   513 ;;		_Setup
   514 ;;		_initOsc
   515 ;; This function is called by:
   516 ;;		Startup code after reset
   517 ;; This function uses a non-reentrant model
   518 ;;
   519                           
   520                           
   521                           ;psect for function _main
   522  00E4                     _main:
   523  00E4                     l967:	
   524                           ;incstack = 0
   525                           ; Regs used in _main: [wreg-fsr0h+status,2+status,0+pclath+cstack]
   526                           
   527                           
   528                           ;C:/Users/Carlo/OneDrive/Documentos/Quinto Semestre/Digital2/P1S3CONT.X/main.c: 99:     
      +                          spiInit(SPI_SLAVE_SS_EN, SPI_DATA_SAMPLE_MIDDLE, SPI_CLOCK_IDLE_LOW, SPI_IDLE_2_ACTIVE);
   529  00E4  3014               	movlw	20
   530  00E5  120A  118A  2068  120A  118A  	fcall	_initOsc
   531  00EA                     l969:
   532                           
   533                           ;C:/Users/Carlo/OneDrive/Documentos/Quinto Semestre/Digital2/P1S3CONT.X/main.c: 100: 
   534  00EA  120A  118A  2099  120A  118A  	fcall	_Setup
   535  00EF                     l113:
   536  00EF                     l114:
   537  00EF  28EF               	goto	l113
   538  00F0  120A  118A  2810   	ljmp	start
   539  00F3                     __end_of_main:
   540                           
   541                           	psect	text1
   542  0068                     __ptext1:	
   543 ;; *************** function _initOsc *****************
   544 ;; Defined at:
   545 ;;		line 8 in file "C:/Users/Carlo/OneDrive/Documentos/Quinto Semestre/Digital2/P1S3CONT.X/Osc.c"
   546 ;; Parameters:    Size  Location     Type
   547 ;;  frec            1    wreg     unsigned char 
   548 ;; Auto vars:     Size  Location     Type
   549 ;;  frec            1    0[BANK0 ] unsigned char 
   550 ;; Return value:  Size  Location     Type
   551 ;;                  1    wreg      void 
   552 ;; Registers used:
   553 ;;		wreg, fsr0l, fsr0h, status,2, status,0
   554 ;; Tracked objects:
   555 ;;		On entry : 0/0
   556 ;;		On exit  : 0/0
   557 ;;		Unchanged: 0/0
   558 ;; Data sizes:     COMMON   BANK0   BANK1   BANK3   BANK2
   559 ;;      Params:         0       0       0       0       0
   560 ;;      Locals:         0       1       0       0       0
   561 ;;      Temps:          2       0       0       0       0
   562 ;;      Totals:         2       1       0       0       0
   563 ;;Total ram usage:        3 bytes
   564 ;; Hardware stack levels used:    1
   565 ;; Hardware stack levels required when called:    2
   566 ;; This function calls:
   567 ;;		Nothing
   568 ;; This function is called by:
   569 ;;		_main
   570 ;; This function uses a non-reentrant model
   571 ;;
   572                           
   573                           
   574                           ;psect for function _initOsc
   575  0068                     _initOsc:
   576                           
   577                           ;incstack = 0
   578                           ; Regs used in _initOsc: [wreg-fsr0h+status,2+status,0]
   579                           ;initOsc@frec stored from wreg
   580  0068  1283               	bcf	3,5	;RP0=0, select bank0
   581  0069  1303               	bcf	3,6	;RP1=0, select bank0
   582  006A  00A0               	movwf	initOsc@frec
   583  006B                     l921:
   584                           
   585                           ;C:/Users/Carlo/OneDrive/Documentos/Quinto Semestre/Digital2/P1S3CONT.X/Osc.c: 9:     sw
      +                          itch(frec){
   586  006B  2884               	goto	l925
   587  006C                     l6:	
   588                           ;C:/Users/Carlo/OneDrive/Documentos/Quinto Semestre/Digital2/P1S3CONT.X/Osc.c: 10:      
      +                             case 0:
   589                           
   590                           
   591                           ;C:/Users/Carlo/OneDrive/Documentos/Quinto Semestre/Digital2/P1S3CONT.X/Osc.c: 11:      
      +                                 OSCCONbits.IRCF0 = 0;
   592  006C  1683               	bsf	3,5	;RP0=1, select bank1
   593  006D  1303               	bcf	3,6	;RP1=0, select bank1
   594  006E  120F               	bcf	15,4	;volatile
   595                           
   596                           ;C:/Users/Carlo/OneDrive/Documentos/Quinto Semestre/Digital2/P1S3CONT.X/Osc.c: 12:      
      +                                 OSCCONbits.IRCF1 = 0;
   597  006F  128F               	bcf	15,5	;volatile
   598                           
   599                           ;C:/Users/Carlo/OneDrive/Documentos/Quinto Semestre/Digital2/P1S3CONT.X/Osc.c: 13:      
      +                                 OSCCONbits.IRCF2 = 0;
   600  0070  130F               	bcf	15,6	;volatile
   601                           
   602                           ;C:/Users/Carlo/OneDrive/Documentos/Quinto Semestre/Digital2/P1S3CONT.X/Osc.c: 14:      
      +                                 break;
   603  0071  2897               	goto	l7
   604  0072                     l8:	
   605                           ;C:/Users/Carlo/OneDrive/Documentos/Quinto Semestre/Digital2/P1S3CONT.X/Osc.c: 15:      
      +                             case 1:
   606                           
   607                           
   608                           ;C:/Users/Carlo/OneDrive/Documentos/Quinto Semestre/Digital2/P1S3CONT.X/Osc.c: 16:      
      +                                 OSCCONbits.IRCF0 = 1;
   609  0072  1683               	bsf	3,5	;RP0=1, select bank1
   610  0073  1303               	bcf	3,6	;RP1=0, select bank1
   611  0074  160F               	bsf	15,4	;volatile
   612                           
   613                           ;C:/Users/Carlo/OneDrive/Documentos/Quinto Semestre/Digital2/P1S3CONT.X/Osc.c: 17:      
      +                                 OSCCONbits.IRCF1 = 0;
   614  0075  128F               	bcf	15,5	;volatile
   615                           
   616                           ;C:/Users/Carlo/OneDrive/Documentos/Quinto Semestre/Digital2/P1S3CONT.X/Osc.c: 18:      
      +                                 OSCCONbits.IRCF2 = 0;
   617  0076  130F               	bcf	15,6	;volatile
   618                           
   619                           ;C:/Users/Carlo/OneDrive/Documentos/Quinto Semestre/Digital2/P1S3CONT.X/Osc.c: 19:      
      +                                 break;
   620  0077  2897               	goto	l7
   621  0078                     l9:	
   622                           ;C:/Users/Carlo/OneDrive/Documentos/Quinto Semestre/Digital2/P1S3CONT.X/Osc.c: 27:      
      +                             case 7:
   623                           
   624                           
   625                           ;C:/Users/Carlo/OneDrive/Documentos/Quinto Semestre/Digital2/P1S3CONT.X/Osc.c: 28:      
      +                                 OSCCONbits.IRCF0 = 1;
   626  0078  1683               	bsf	3,5	;RP0=1, select bank1
   627  0079  1303               	bcf	3,6	;RP1=0, select bank1
   628  007A  160F               	bsf	15,4	;volatile
   629                           
   630                           ;C:/Users/Carlo/OneDrive/Documentos/Quinto Semestre/Digital2/P1S3CONT.X/Osc.c: 29:      
      +                                 OSCCONbits.IRCF1 = 1;
   631  007B  168F               	bsf	15,5	;volatile
   632                           
   633                           ;C:/Users/Carlo/OneDrive/Documentos/Quinto Semestre/Digital2/P1S3CONT.X/Osc.c: 30:      
      +                                 OSCCONbits.IRCF2 = 1;
   634  007C  170F               	bsf	15,6	;volatile
   635                           
   636                           ;C:/Users/Carlo/OneDrive/Documentos/Quinto Semestre/Digital2/P1S3CONT.X/Osc.c: 31:      
      +                                 break;
   637  007D  2897               	goto	l7
   638  007E                     l10:	
   639                           ;C:/Users/Carlo/OneDrive/Documentos/Quinto Semestre/Digital2/P1S3CONT.X/Osc.c: 32:      
      +                             default:
   640                           
   641                           
   642                           ;C:/Users/Carlo/OneDrive/Documentos/Quinto Semestre/Digital2/P1S3CONT.X/Osc.c: 33:      
      +                                 OSCCONbits.IRCF0 = 0;
   643  007E  1683               	bsf	3,5	;RP0=1, select bank1
   644  007F  1303               	bcf	3,6	;RP1=0, select bank1
   645  0080  120F               	bcf	15,4	;volatile
   646                           
   647                           ;C:/Users/Carlo/OneDrive/Documentos/Quinto Semestre/Digital2/P1S3CONT.X/Osc.c: 34:      
      +                                 OSCCONbits.IRCF1 = 1;
   648  0081  168F               	bsf	15,5	;volatile
   649                           
   650                           ;C:/Users/Carlo/OneDrive/Documentos/Quinto Semestre/Digital2/P1S3CONT.X/Osc.c: 35:      
      +                                 OSCCONbits.IRCF2 = 1;
   651  0082  170F               	bsf	15,6	;volatile
   652                           
   653                           ;C:/Users/Carlo/OneDrive/Documentos/Quinto Semestre/Digital2/P1S3CONT.X/Osc.c: 36:      
      +                                 break;
   654  0083  2897               	goto	l7
   655  0084                     l925:
   656  0084  0820               	movf	initOsc@frec,w
   657  0085  00F4               	movwf	??_initOsc
   658  0086  01F5               	clrf	??_initOsc+1
   659                           
   660                           ; Switch on 2 bytes has been partitioned into a top level switch of size 1, and 1 sub-sw
      +                          itches
   661                           ; Switch size 1, requested type "simple"
   662                           ; Number of cases is 1, Range of values is 0 to 0
   663                           ; switch strategies available:
   664                           ; Name         Instructions Cycles
   665                           ; simple_byte            4     3 (average)
   666                           ; direct_byte           11     8 (fixed)
   667                           ; jumptable            260     6 (fixed)
   668                           ;	Chosen strategy is simple_byte
   669  0087  0875               	movf	??_initOsc+1,w
   670  0088  3A00               	xorlw	0	; case 0
   671  0089  1903               	skipnz
   672  008A  288C               	goto	l1001
   673  008B  287E               	goto	l10
   674  008C                     l1001:
   675                           
   676                           ; Switch size 1, requested type "simple"
   677                           ; Number of cases is 3, Range of values is 0 to 7
   678                           ; switch strategies available:
   679                           ; Name         Instructions Cycles
   680                           ; simple_byte           10     6 (average)
   681                           ; direct_byte           32     8 (fixed)
   682                           ; jumptable            260     6 (fixed)
   683                           ;	Chosen strategy is simple_byte
   684  008C  0874               	movf	??_initOsc,w
   685  008D  3A00               	xorlw	0	; case 0
   686  008E  1903               	skipnz
   687  008F  286C               	goto	l6
   688  0090  3A01               	xorlw	1	; case 1
   689  0091  1903               	skipnz
   690  0092  2872               	goto	l8
   691  0093  3A06               	xorlw	6	; case 7
   692  0094  1903               	skipnz
   693  0095  2878               	goto	l9
   694  0096  287E               	goto	l10
   695  0097                     l7:
   696                           
   697                           ;C:/Users/Carlo/OneDrive/Documentos/Quinto Semestre/Digital2/P1S3CONT.X/Osc.c: 39:     O
      +                          SCCONbits.SCS = 1;
   698  0097  140F               	bsf	15,0	;volatile
   699  0098                     l11:
   700  0098  0008               	return
   701  0099                     __end_of_initOsc:
   702                           
   703                           	psect	text2
   704  0099                     __ptext2:	
   705 ;; *************** function _Setup *****************
   706 ;; Defined at:
   707 ;;		line 113 in file "C:/Users/Carlo/OneDrive/Documentos/Quinto Semestre/Digital2/P1S3CONT.X/main.c"
   708 ;; Parameters:    Size  Location     Type
   709 ;;		None
   710 ;; Auto vars:     Size  Location     Type
   711 ;;		None
   712 ;; Return value:  Size  Location     Type
   713 ;;                  1    wreg      void 
   714 ;; Registers used:
   715 ;;		wreg, status,2, status,0, pclath, cstack
   716 ;; Tracked objects:
   717 ;;		On entry : 0/0
   718 ;;		On exit  : 0/0
   719 ;;		Unchanged: 0/0
   720 ;; Data sizes:     COMMON   BANK0   BANK1   BANK3   BANK2
   721 ;;      Params:         0       0       0       0       0
   722 ;;      Locals:         0       0       0       0       0
   723 ;;      Temps:          0       0       0       0       0
   724 ;;      Totals:         0       0       0       0       0
   725 ;;Total ram usage:        0 bytes
   726 ;; Hardware stack levels used:    1
   727 ;; Hardware stack levels required when called:    3
   728 ;; This function calls:
   729 ;;		_spiInit
   730 ;; This function is called by:
   731 ;;		_main
   732 ;; This function uses a non-reentrant model
   733 ;;
   734                           
   735                           
   736                           ;psect for function _Setup
   737  0099                     _Setup:
   738  0099                     l933:	
   739                           ;incstack = 0
   740                           ; Regs used in _Setup: [wreg+status,2+status,0+pclath+cstack]
   741                           
   742  0099  1683               	bsf	3,5	;RP0=1, select bank3
   743  009A  1703               	bsf	3,6	;RP1=1, select bank3
   744  009B  0188               	clrf	8	;volatile
   745  009C  0189               	clrf	9	;volatile
   746  009D                     l935:
   747  009D  3003               	movlw	3
   748  009E  1683               	bsf	3,5	;RP0=1, select bank1
   749  009F  1303               	bcf	3,6	;RP1=0, select bank1
   750  00A0  0086               	movwf	6	;volatile
   751  00A1                     l937:
   752  00A1  0185               	clrf	5	;volatile
   753  00A2                     l939:
   754  00A2  0188               	clrf	8	;volatile
   755  00A3                     l941:
   756  00A3  3008               	movlw	8
   757  00A4  0087               	movwf	7	;volatile
   758  00A5  1283               	bcf	3,5	;RP0=0, select bank0
   759  00A6  1303               	bcf	3,6	;RP1=0, select bank0
   760  00A7  0186               	clrf	6	;volatile
   761  00A8  0188               	clrf	8	;volatile
   762  00A9                     l943:
   763  00A9  1683               	bsf	3,5	;RP0=1, select bank1
   764  00AA  1303               	bcf	3,6	;RP1=0, select bank1
   765  00AB  1381               	bcf	1,7	;volatile
   766  00AC                     l945:
   767  00AC  178B               	bsf	11,7	;volatile
   768  00AD                     l947:
   769  00AD  170B               	bsf	11,6	;volatile
   770  00AE                     l949:
   771  00AE  1283               	bcf	3,5	;RP0=0, select bank0
   772  00AF  1303               	bcf	3,6	;RP1=0, select bank0
   773  00B0  118C               	bcf	12,3	;volatile
   774  00B1                     l951:
   775  00B1  1683               	bsf	3,5	;RP0=1, select bank1
   776  00B2  1303               	bcf	3,6	;RP1=0, select bank1
   777  00B3  158C               	bsf	12,3	;volatile
   778  00B4                     l953:
   779  00B4  1685               	bsf	5,5	;volatile
   780  00B5                     l955:
   781  00B5  158B               	bsf	11,3	;volatile
   782  00B6                     l957:
   783  00B6  1415               	bsf	21,0	;volatile
   784  00B7                     l959:
   785  00B7  1495               	bsf	21,1	;volatile
   786  00B8                     l961:
   787  00B8  1416               	bsf	22,0	;volatile
   788  00B9                     l963:
   789  00B9  1496               	bsf	22,1	;volatile
   790  00BA                     l965:
   791  00BA  1283               	bcf	3,5	;RP0=0, select bank0
   792  00BB  1303               	bcf	3,6	;RP1=0, select bank0
   793  00BC  01A0               	clrf	spiInit@sDataSample
   794  00BD  01A1               	clrf	spiInit@sClockIdle
   795  00BE  01A2               	clrf	spiInit@sTransmitEdge
   796  00BF  3024               	movlw	36
   797  00C0  120A  118A  20C6  120A  118A  	fcall	_spiInit
   798  00C5                     l119:
   799  00C5  0008               	return
   800  00C6                     __end_of_Setup:
   801                           
   802                           	psect	text3
   803  00C6                     __ptext3:	
   804 ;; *************** function _spiInit *****************
   805 ;; Defined at:
   806 ;;		line 12 in file "C:/Users/Carlo/OneDrive/Documentos/Quinto Semestre/Digital2/P1S3CONT.X/SPI.c"
   807 ;; Parameters:    Size  Location     Type
   808 ;;  sType           1    wreg     enum E1264
   809 ;;  sDataSample     1    0[BANK0 ] enum E1272
   810 ;;  sClockIdle      1    1[BANK0 ] enum E1276
   811 ;;  sTransmitEdg    1    2[BANK0 ] enum E1280
   812 ;; Auto vars:     Size  Location     Type
   813 ;;  sType           1    4[COMMON] enum E1264
   814 ;; Return value:  Size  Location     Type
   815 ;;                  1    wreg      void 
   816 ;; Registers used:
   817 ;;		wreg, status,2, status,0
   818 ;; Tracked objects:
   819 ;;		On entry : 0/0
   820 ;;		On exit  : 0/0
   821 ;;		Unchanged: 0/0
   822 ;; Data sizes:     COMMON   BANK0   BANK1   BANK3   BANK2
   823 ;;      Params:         0       3       0       0       0
   824 ;;      Locals:         1       0       0       0       0
   825 ;;      Temps:          0       0       0       0       0
   826 ;;      Totals:         1       3       0       0       0
   827 ;;Total ram usage:        4 bytes
   828 ;; Hardware stack levels used:    1
   829 ;; Hardware stack levels required when called:    2
   830 ;; This function calls:
   831 ;;		Nothing
   832 ;; This function is called by:
   833 ;;		_Setup
   834 ;; This function uses a non-reentrant model
   835 ;;
   836                           
   837                           
   838                           ;psect for function _spiInit
   839  00C6                     _spiInit:
   840                           
   841                           ;incstack = 0
   842                           ; Regs used in _spiInit: [wreg+status,2+status,0]
   843                           ;spiInit@sType stored from wreg
   844  00C6  00F4               	movwf	spiInit@sType
   845  00C7                     l911:
   846                           
   847                           ;C:/Users/Carlo/OneDrive/Documentos/Quinto Semestre/Digital2/P1S3CONT.X/SPI.c: 12: void 
      +                          spiInit(Spi_Type sType, Spi_Data_Sample sDataSample, Spi_Clock_Idle sClockIdle, Spi_Tran
      +                          smit_Edge sTransmitEdge);C:/Users/Carlo/OneDrive/Documentos/Quinto Semestre/Digital2/P1S
      +                          3CONT.X/SPI.c: 13: {;C:/Users/Carlo/OneDrive/Documentos/Quinto Semestre/Digital2/P1S3CON
      +                          T.X/SPI.c: 14:     TRISC5 = 0;
   848  00C7  1683               	bsf	3,5	;RP0=1, select bank1
   849  00C8  1303               	bcf	3,6	;RP1=0, select bank1
   850  00C9  1287               	bcf	7,5	;volatile
   851                           
   852                           ;C:/Users/Carlo/OneDrive/Documentos/Quinto Semestre/Digital2/P1S3CONT.X/SPI.c: 15:     i
      +                          f(sType & 0b00000100)
   853  00CA  1D74               	btfss	spiInit@sType,2
   854  00CB  28CD               	goto	u121
   855  00CC  28CE               	goto	u120
   856  00CD                     u121:
   857  00CD  28D6               	goto	l917
   858  00CE                     u120:
   859  00CE                     l913:
   860                           
   861                           ;C:/Users/Carlo/OneDrive/Documentos/Quinto Semestre/Digital2/P1S3CONT.X/SPI.c: 16:     {
      +                          ;C:/Users/Carlo/OneDrive/Documentos/Quinto Semestre/Digital2/P1S3CONT.X/SPI.c: 17:      
      +                             SSPSTAT = sTransmitEdge;
   862  00CE  1283               	bcf	3,5	;RP0=0, select bank0
   863  00CF  1303               	bcf	3,6	;RP1=0, select bank0
   864  00D0  0822               	movf	spiInit@sTransmitEdge,w
   865  00D1  1683               	bsf	3,5	;RP0=1, select bank1
   866  00D2  1303               	bcf	3,6	;RP1=0, select bank1
   867  00D3  0094               	movwf	20	;volatile
   868  00D4                     l915:
   869                           
   870                           ;C:/Users/Carlo/OneDrive/Documentos/Quinto Semestre/Digital2/P1S3CONT.X/SPI.c: 18:      
      +                             TRISC3 = 1;
   871  00D4  1587               	bsf	7,3	;volatile
   872                           
   873                           ;C:/Users/Carlo/OneDrive/Documentos/Quinto Semestre/Digital2/P1S3CONT.X/SPI.c: 19:     }
   874  00D5  28DE               	goto	l27
   875  00D6                     l917:
   876                           
   877                           ;C:/Users/Carlo/OneDrive/Documentos/Quinto Semestre/Digital2/P1S3CONT.X/SPI.c: 21:     {
      +                          ;C:/Users/Carlo/OneDrive/Documentos/Quinto Semestre/Digital2/P1S3CONT.X/SPI.c: 22:      
      +                             SSPSTAT = sDataSample | sTransmitEdge;
   878  00D6  1283               	bcf	3,5	;RP0=0, select bank0
   879  00D7  1303               	bcf	3,6	;RP1=0, select bank0
   880  00D8  0820               	movf	spiInit@sDataSample,w
   881  00D9  0422               	iorwf	spiInit@sTransmitEdge,w
   882  00DA  1683               	bsf	3,5	;RP0=1, select bank1
   883  00DB  1303               	bcf	3,6	;RP1=0, select bank1
   884  00DC  0094               	movwf	20	;volatile
   885  00DD                     l919:
   886                           
   887                           ;C:/Users/Carlo/OneDrive/Documentos/Quinto Semestre/Digital2/P1S3CONT.X/SPI.c: 23:      
      +                             TRISC3 = 0;
   888  00DD  1187               	bcf	7,3	;volatile
   889  00DE                     l27:	
   890                           ;C:/Users/Carlo/OneDrive/Documentos/Quinto Semestre/Digital2/P1S3CONT.X/SPI.c: 24:     }
   891                           
   892                           
   893                           ;C:/Users/Carlo/OneDrive/Documentos/Quinto Semestre/Digital2/P1S3CONT.X/SPI.c: 26:     S
      +                          SPCON = sType | sClockIdle;
   894  00DE  0874               	movf	spiInit@sType,w
   895  00DF  1283               	bcf	3,5	;RP0=0, select bank0
   896  00E0  1303               	bcf	3,6	;RP1=0, select bank0
   897  00E1  0421               	iorwf	spiInit@sClockIdle,w
   898  00E2  0094               	movwf	20	;volatile
   899  00E3                     l28:
   900  00E3  0008               	return
   901  00E4                     __end_of_spiInit:
   902                           
   903                           	psect	text4
   904  001B                     __ptext4:	
   905 ;; *************** function _isr *****************
   906 ;; Defined at:
   907 ;;		line 61 in file "C:/Users/Carlo/OneDrive/Documentos/Quinto Semestre/Digital2/P1S3CONT.X/main.c"
   908 ;; Parameters:    Size  Location     Type
   909 ;;		None
   910 ;; Auto vars:     Size  Location     Type
   911 ;;		None
   912 ;; Return value:  Size  Location     Type
   913 ;;                  1    wreg      void 
   914 ;; Registers used:
   915 ;;		wreg, status,2, status,0, btemp+1, pclath, cstack
   916 ;; Tracked objects:
   917 ;;		On entry : 0/0
   918 ;;		On exit  : 0/0
   919 ;;		Unchanged: 0/0
   920 ;; Data sizes:     COMMON   BANK0   BANK1   BANK3   BANK2
   921 ;;      Params:         0       0       0       0       0
   922 ;;      Locals:         0       0       0       0       0
   923 ;;      Temps:          3       0       0       0       0
   924 ;;      Totals:         3       0       0       0       0
   925 ;;Total ram usage:        3 bytes
   926 ;; Hardware stack levels used:    1
   927 ;; Hardware stack levels required when called:    1
   928 ;; This function calls:
   929 ;;		_spiWrite
   930 ;; This function is called by:
   931 ;;		Interrupt level 1
   932 ;; This function uses a non-reentrant model
   933 ;;
   934                           
   935                           
   936                           ;psect for function _isr
   937  001B                     _isr:
   938  001B                     i1l781:
   939                           
   940                           ;C:/Users/Carlo/OneDrive/Documentos/Quinto Semestre/Digital2/P1S3CONT.X/main.c: 62: 
   941  001B  1D8C               	btfss	12,3	;volatile
   942  001C  281E               	goto	u3_21
   943  001D  281F               	goto	u3_20
   944  001E                     u3_21:
   945  001E  2828               	goto	i1l787
   946  001F                     u3_20:
   947  001F                     i1l783:
   948                           
   949                           ;C:/Users/Carlo/OneDrive/Documentos/Quinto Semestre/Digital2/P1S3CONT.X/main.c: 63: 
   950  001F  0808               	movf	8,w	;volatile
   951  0020  120A  118A  20F3  120A  118A  	fcall	_spiWrite
   952  0025                     i1l785:
   953                           
   954                           ;C:/Users/Carlo/OneDrive/Documentos/Quinto Semestre/Digital2/P1S3CONT.X/main.c: 64: 
   955  0025  1283               	bcf	3,5	;RP0=0, select bank0
   956  0026  1303               	bcf	3,6	;RP1=0, select bank0
   957  0027  118C               	bcf	12,3	;volatile
   958  0028                     i1l787:
   959                           
   960                           ;C:/Users/Carlo/OneDrive/Documentos/Quinto Semestre/Digital2/P1S3CONT.X/main.c: 66: 
   961  0028  1C0B               	btfss	11,0	;volatile
   962  0029  282B               	goto	u4_21
   963  002A  282C               	goto	u4_20
   964  002B                     u4_21:
   965  002B  285F               	goto	i1l108
   966  002C                     u4_20:
   967  002C                     i1l789:
   968                           
   969                           ;C:/Users/Carlo/OneDrive/Documentos/Quinto Semestre/Digital2/P1S3CONT.X/main.c: 67:     
      +                          }
   970  002C  100B               	bcf	11,0	;volatile
   971  002D                     i1l791:
   972                           
   973                           ;C:/Users/Carlo/OneDrive/Documentos/Quinto Semestre/Digital2/P1S3CONT.X/main.c: 69: }
   974  002D  3000               	movlw	0
   975  002E  1806               	btfsc	6,0	;volatile
   976  002F  3001               	movlw	1
   977  0030  00F8               	movwf	_estado
   978  0031                     i1l793:
   979                           
   980                           ;C:/Users/Carlo/OneDrive/Documentos/Quinto Semestre/Digital2/P1S3CONT.X/main.c: 70: 
   981  0031  0378               	decf	_estado,w
   982  0032  1D03               	btfss	3,2
   983  0033  2835               	goto	u5_21
   984  0034  2836               	goto	u5_20
   985  0035                     u5_21:
   986  0035  2838               	goto	i1l797
   987  0036                     u5_20:
   988  0036                     i1l795:
   989                           
   990                           ;C:/Users/Carlo/OneDrive/Documentos/Quinto Semestre/Digital2/P1S3CONT.X/main.c: 71: 
   991  0036  01F9               	clrf	_estadoSalida
   992  0037  0AF9               	incf	_estadoSalida,f
   993  0038                     i1l797:
   994                           
   995                           ;C:/Users/Carlo/OneDrive/Documentos/Quinto Semestre/Digital2/P1S3CONT.X/main.c: 74: void
      +                           Setup(void) {
   996  0038  0379               	decf	_estadoSalida,w
   997  0039  1D03               	btfss	3,2
   998  003A  283C               	goto	u6_21
   999  003B  283D               	goto	u6_20
  1000  003C                     u6_21:
  1001  003C  2847               	goto	i1l805
  1002  003D                     u6_20:
  1003  003D                     i1l799:
  1004                           
  1005                           ;C:/Users/Carlo/OneDrive/Documentos/Quinto Semestre/Digital2/P1S3CONT.X/main.c: 75:     
      +                          ANSEL = 0;
  1006  003D  0878               	movf	_estado,w
  1007  003E  1D03               	btfss	3,2
  1008  003F  2841               	goto	u7_21
  1009  0040  2842               	goto	u7_20
  1010  0041                     u7_21:
  1011  0041  2847               	goto	i1l805
  1012  0042                     u7_20:
  1013  0042                     i1l801:
  1014                           
  1015                           ;C:/Users/Carlo/OneDrive/Documentos/Quinto Semestre/Digital2/P1S3CONT.X/main.c: 76:     
      +                          ANSELH = 0;
  1016  0042  3001               	movlw	1
  1017  0043  00FF               	movwf	btemp+1
  1018  0044  087F               	movf	btemp+1,w
  1019  0045  0788               	addwf	8,f	;volatile
  1020  0046                     i1l803:
  1021                           
  1022                           ;C:/Users/Carlo/OneDrive/Documentos/Quinto Semestre/Digital2/P1S3CONT.X/main.c: 77:     
      +                          TRISB = 3;
  1023  0046  01F9               	clrf	_estadoSalida
  1024  0047                     i1l805:
  1025                           
  1026                           ;C:/Users/Carlo/OneDrive/Documentos/Quinto Semestre/Digital2/P1S3CONT.X/main.c: 80:     
      +                          TRISC = 0b00001000;
  1027  0047  3000               	movlw	0
  1028  0048  1886               	btfsc	6,1	;volatile
  1029  0049  3001               	movlw	1
  1030  004A  00F6               	movwf	_estadoC2
  1031  004B                     i1l807:
  1032                           
  1033                           ;C:/Users/Carlo/OneDrive/Documentos/Quinto Semestre/Digital2/P1S3CONT.X/main.c: 81:     
      +                          PORTB = 0;
  1034  004B  0376               	decf	_estadoC2,w
  1035  004C  1D03               	btfss	3,2
  1036  004D  284F               	goto	u8_21
  1037  004E  2850               	goto	u8_20
  1038  004F                     u8_21:
  1039  004F  2852               	goto	i1l811
  1040  0050                     u8_20:
  1041  0050                     i1l809:
  1042                           
  1043                           ;C:/Users/Carlo/OneDrive/Documentos/Quinto Semestre/Digital2/P1S3CONT.X/main.c: 82:     
      +                          PORTD = 0;
  1044  0050  01F7               	clrf	_estadoSalidaC2
  1045  0051  0AF7               	incf	_estadoSalidaC2,f
  1046  0052                     i1l811:
  1047                           
  1048                           ;C:/Users/Carlo/OneDrive/Documentos/Quinto Semestre/Digital2/P1S3CONT.X/main.c: 85: 
  1049  0052  0377               	decf	_estadoSalidaC2,w
  1050  0053  1D03               	btfss	3,2
  1051  0054  2856               	goto	u9_21
  1052  0055  2857               	goto	u9_20
  1053  0056                     u9_21:
  1054  0056  285F               	goto	i1l108
  1055  0057                     u9_20:
  1056  0057                     i1l813:
  1057                           
  1058                           ;C:/Users/Carlo/OneDrive/Documentos/Quinto Semestre/Digital2/P1S3CONT.X/main.c: 86:     
      +                          INTCONbits.GIE = 1;
  1059  0057  0876               	movf	_estadoC2,w
  1060  0058  1D03               	btfss	3,2
  1061  0059  285B               	goto	u10_21
  1062  005A  285C               	goto	u10_20
  1063  005B                     u10_21:
  1064  005B  285F               	goto	i1l108
  1065  005C                     u10_20:
  1066  005C                     i1l815:
  1067                           
  1068                           ;C:/Users/Carlo/OneDrive/Documentos/Quinto Semestre/Digital2/P1S3CONT.X/main.c: 87:     
      +                          INTCONbits.PEIE = 1;
  1069  005C  3001               	movlw	1
  1070  005D  0288               	subwf	8,f	;volatile
  1071  005E                     i1l817:
  1072                           
  1073                           ;C:/Users/Carlo/OneDrive/Documentos/Quinto Semestre/Digital2/P1S3CONT.X/main.c: 88:     
      +                          PIR1bits.SSPIF = 0;
  1074  005E  01F7               	clrf	_estadoSalidaC2
  1075  005F                     i1l108:
  1076  005F  0873               	movf	??_isr+2,w
  1077  0060  00FF               	movwf	btemp+1
  1078  0061  0872               	movf	??_isr+1,w
  1079  0062  008A               	movwf	10
  1080  0063  0E71               	swapf	??_isr^(0+4294967168),w
  1081  0064  0083               	movwf	3
  1082  0065  0EFE               	swapf	btemp,f
  1083  0066  0E7E               	swapf	btemp,w
  1084  0067  0009               	retfie
  1085  0068                     __end_of_isr:
  1086                           
  1087                           	psect	intentry
  1088  0004                     __pintentry:	
  1089                           ;incstack = 0
  1090                           ; Regs used in _isr: [wreg+status,2+status,0+btemp+1+pclath+cstack]
  1091                           
  1092  0004                     interrupt_function:
  1093  007E                     saved_w	set	btemp
  1094  0004  00FE               	movwf	btemp
  1095  0005  0E03               	swapf	3,w
  1096  0006  00F1               	movwf	??_isr
  1097  0007  080A               	movf	10,w
  1098  0008  00F2               	movwf	??_isr+1
  1099  0009  1283               	bcf	3,5	;RP0=0, select bank0
  1100  000A  1303               	bcf	3,6	;RP1=0, select bank0
  1101  000B  087F               	movf	btemp+1,w
  1102  000C  00F3               	movwf	??_isr+2
  1103  000D  120A  118A  281B   	ljmp	_isr
  1104                           
  1105                           	psect	text5
  1106  00F3                     __ptext5:	
  1107 ;; *************** function _spiWrite *****************
  1108 ;; Defined at:
  1109 ;;		line 34 in file "C:/Users/Carlo/OneDrive/Documentos/Quinto Semestre/Digital2/P1S3CONT.X/SPI.c"
  1110 ;; Parameters:    Size  Location     Type
  1111 ;;  dat             1    wreg     unsigned char 
  1112 ;; Auto vars:     Size  Location     Type
  1113 ;;  dat             1    0[COMMON] unsigned char 
  1114 ;; Return value:  Size  Location     Type
  1115 ;;                  1    wreg      void 
  1116 ;; Registers used:
  1117 ;;		wreg
  1118 ;; Tracked objects:
  1119 ;;		On entry : 0/0
  1120 ;;		On exit  : 0/0
  1121 ;;		Unchanged: 0/0
  1122 ;; Data sizes:     COMMON   BANK0   BANK1   BANK3   BANK2
  1123 ;;      Params:         0       0       0       0       0
  1124 ;;      Locals:         1       0       0       0       0
  1125 ;;      Temps:          0       0       0       0       0
  1126 ;;      Totals:         1       0       0       0       0
  1127 ;;Total ram usage:        1 bytes
  1128 ;; Hardware stack levels used:    1
  1129 ;; This function calls:
  1130 ;;		Nothing
  1131 ;; This function is called by:
  1132 ;;		_isr
  1133 ;; This function uses a non-reentrant model
  1134 ;;
  1135                           
  1136                           
  1137                           ;psect for function _spiWrite
  1138  00F3                     _spiWrite:
  1139                           
  1140                           ;incstack = 0
  1141                           ; Regs used in _spiWrite: [wreg]
  1142                           ;spiWrite@dat stored from wreg
  1143  00F3  00F0               	movwf	spiWrite@dat
  1144  00F4                     i1l733:
  1145                           
  1146                           ;C:/Users/Carlo/OneDrive/Documentos/Quinto Semestre/Digital2/P1S3CONT.X/SPI.c: 34: void 
      +                          spiWrite(char dat);C:/Users/Carlo/OneDrive/Documentos/Quinto Semestre/Digital2/P1S3CONT.
      +                          X/SPI.c: 35: {;C:/Users/Carlo/OneDrive/Documentos/Quinto Semestre/Digital2/P1S3CONT.X/SP
      +                          I.c: 36:     SSPBUF = dat;
  1147  00F4  0870               	movf	spiWrite@dat,w
  1148  00F5  1283               	bcf	3,5	;RP0=0, select bank0
  1149  00F6  1303               	bcf	3,6	;RP1=0, select bank0
  1150  00F7  0093               	movwf	19	;volatile
  1151  00F8                     i1l37:
  1152  00F8  0008               	return
  1153  00F9                     __end_of_spiWrite:
  1154  007E                     btemp	set	126	;btemp
  1155  007E                     wtemp0	set	126
  1156                           
  1157                           	psect	config
  1158                           
  1159                           ;Config register CONFIG1 @ 0x2007
  1160                           ;	Oscillator Selection bits
  1161                           ;	FOSC = INTRC_NOCLKOUT, INTOSCIO oscillator: I/O function on RA6/OSC2/CLKOUT pin, I/O f
      +                          unction on RA7/OSC1/CLKIN
  1162                           ;	Watchdog Timer Enable bit
  1163                           ;	WDTE = OFF, WDT disabled and can be enabled by SWDTEN bit of the WDTCON register
  1164                           ;	Power-up Timer Enable bit
  1165                           ;	PWRTE = OFF, PWRT disabled
  1166                           ;	RE3/MCLR pin function select bit
  1167                           ;	MCLRE = OFF, RE3/MCLR pin function is digital input, MCLR internally tied to VDD
  1168                           ;	Code Protection bit
  1169                           ;	CP = OFF, Program memory code protection is disabled
  1170                           ;	Data Code Protection bit
  1171                           ;	CPD = OFF, Data memory code protection is disabled
  1172                           ;	Brown Out Reset Selection bits
  1173                           ;	BOREN = OFF, BOR disabled
  1174                           ;	Internal External Switchover bit
  1175                           ;	IESO = OFF, Internal/External Switchover mode is disabled
  1176                           ;	Fail-Safe Clock Monitor Enabled bit
  1177                           ;	FCMEN = OFF, Fail-Safe Clock Monitor is disabled
  1178                           ;	Low Voltage Programming Enable bit
  1179                           ;	LVP = OFF, RB3 pin has digital I/O, HV on MCLR must be used for programming
  1180                           ;	In-Circuit Debugger Mode bit
  1181                           ;	DEBUG = 0x1, unprogrammed default
  1182  2007                     	org	8199
  1183  2007  20D4               	dw	8404
  1184                           
  1185                           ;Config register CONFIG2 @ 0x2008
  1186                           ;	Brown-out Reset Selection bit
  1187                           ;	BOR4V = BOR40V, Brown-out Reset set to 4.0V
  1188                           ;	Flash Program Memory Self Write Enable bits
  1189                           ;	WRT = OFF, Write protection off
  1190  2008                     	org	8200
  1191  2008  3FFF               	dw	16383

Data Sizes:
    Strings     0
    Constant    0
    Data        0
    BSS         4
    Persistent  0
    Stack       0

Auto Spaces:
    Space          Size  Autos    Used
    COMMON           14      6      10
    BANK0            80      3       3
    BANK1            80      0       0
    BANK3            96      0       0
    BANK2            96      0       0

Pointer List with Targets:

    None.

Critical Paths under _main in COMMON

    _main->_initOsc
    _Setup->_spiInit

Critical Paths under _isr in COMMON

    _isr->_spiWrite

Critical Paths under _main in BANK0

    _Setup->_spiInit

Critical Paths under _isr in BANK0

    None.

Critical Paths under _main in BANK1

    None.

Critical Paths under _isr in BANK1

    None.

Critical Paths under _main in BANK3

    None.

Critical Paths under _isr in BANK3

    None.

Critical Paths under _main in BANK2

    None.

Critical Paths under _isr in BANK2

    None.

Call Graph Tables:

 ---------------------------------------------------------------------------------
 (Depth) Function   	        Calls       Base Space   Used Autos Params    Refs
 ---------------------------------------------------------------------------------
 (0) _main                                                 0     0      0     478
                              _Setup
                            _initOsc
 ---------------------------------------------------------------------------------
 (1) _initOsc                                              3     3      0      22
                                              4 COMMON     2     2      0
                                              0 BANK0      1     1      0
 ---------------------------------------------------------------------------------
 (1) _Setup                                                0     0      0     456
                            _spiInit
 ---------------------------------------------------------------------------------
 (2) _spiInit                                              4     1      3     456
                                              4 COMMON     1     1      0
                                              0 BANK0      3     0      3
 ---------------------------------------------------------------------------------
 Estimated maximum stack depth 2
 ---------------------------------------------------------------------------------
 (Depth) Function   	        Calls       Base Space   Used Autos Params    Refs
 ---------------------------------------------------------------------------------
 (3) _isr                                                  3     3      0      15
                                              1 COMMON     3     3      0
                           _spiWrite
 ---------------------------------------------------------------------------------
 (4) _spiWrite                                             1     1      0      15
                                              0 COMMON     1     1      0
 ---------------------------------------------------------------------------------
 Estimated maximum stack depth 4
 ---------------------------------------------------------------------------------

 Call Graph Graphs:

 _main (ROOT)
   _Setup
     _spiInit
   _initOsc

 _isr (ROOT)
   _spiWrite

 Address spaces:
Name               Size   Autos  Total    Cost      Usage
BITCOMMON            E      0       0       0        0.0%
EEDATA             100      0       0       0        0.0%
NULL                 0      0       0       0        0.0%
CODE                 0      0       0       0        0.0%
COMMON               E      6       A       1       71.4%
BITSFR0              0      0       0       1        0.0%
SFR0                 0      0       0       1        0.0%
BITSFR1              0      0       0       2        0.0%
SFR1                 0      0       0       2        0.0%
STACK                0      0       0       2        0.0%
ABS                  0      0       D       3        0.0%
BITBANK0            50      0       0       4        0.0%
BITSFR3              0      0       0       4        0.0%
SFR3                 0      0       0       4        0.0%
BANK0               50      3       3       5        3.8%
BITSFR2              0      0       0       5        0.0%
SFR2                 0      0       0       5        0.0%
BITBANK1            50      0       0       6        0.0%
BANK1               50      0       0       7        0.0%
BITBANK3            60      0       0       8        0.0%
BANK3               60      0       0       9        0.0%
BITBANK2            60      0       0      10        0.0%
BANK2               60      0       0      11        0.0%
DATA                 0      0       D      12        0.0%


Microchip Technology PIC Macro Assembler V2.20 build 20200408173844 
Symbol Table                                                                                   Tue Feb 16 00:19:47 2021

                      l6 006C                        l7 0097                        l8 0072  
                      l9 0078              _SSPSTATbits 0094                       l10 007E  
                     l11 0098                       l27 00DE                       l28 00E3  
                    l113 00EF                      l114 00EF                      l119 00C5  
                    l911 00C7                      l913 00CE                      l921 006B  
                    l915 00D4                      l917 00D6                      l941 00A3  
                    l933 0099                      l925 0084                      l919 00DD  
                    l951 00B1                      l943 00A9                      l935 009D  
                    l961 00B8                      l953 00B4                      l945 00AC  
                    l937 00A1                      l963 00B9                      l955 00B5  
                    l947 00AD                      l939 00A2                      l965 00BA  
                    l957 00B6                      l949 00AE                      l959 00B7  
                    l967 00E4                      l969 00EA                      u120 00CE  
                    u121 00CD                      _isr 001B                     l1001 008C  
                   ?_isr 0070                     i1l37 00F8                     u3_20 001F  
                   u3_21 001E                     u4_20 002C                     u4_21 002B  
                   u5_20 0036                     u5_21 0035                     u6_20 003D  
                   u6_21 003C                     u7_20 0042                     u7_21 0041  
                   u8_20 0050                     u8_21 004F                     u9_20 0057  
                   u9_21 0056                     _main 00E4                     btemp 007E  
                   start 0010                    ??_isr 0071                    ?_main 0070  
                  _ANSEL 0188                    i1l108 005F                    i1l801 0042  
                  i1l811 0052                    i1l803 0046                    i1l733 00F4  
                  i1l813 0057                    i1l805 0047                    i1l815 005C  
                  i1l807 004B                    i1l817 005E                    i1l809 0050  
                  i1l781 001B                    i1l791 002D                    i1l783 001F  
                  i1l793 0031                    i1l785 0025                    i1l795 0036  
                  i1l787 0028                    i1l797 0038                    i1l789 002C  
                  i1l799 003D                    u10_20 005C                    u10_21 005B  
                  _PORTB 0006                    _PORTD 0008                    _TRISA 0085  
                  _TRISB 0086                    _TRISC 0087                    _TRISD 0088  
                  _SSPIF 0063                    _Setup 0099          __end_of_initOsc 0099  
                  pclath 000A          __end_of_spiInit 00E4                    status 0003  
                  wtemp0 007E          __initialization 0013             __end_of_main 00F3  
                 ??_main 0076                   ?_Setup 0070                   _ANSELH 0189  
            initOsc@frec 0020                   _TRISC3 043B                   _TRISC5 043D  
                 _SSPCON 0014                   _SSPBUF 0013                   _estado 0078  
              ??_initOsc 0074                   saved_w 007E         __end_of_spiWrite 00F9  
              ??_spiInit 0074  __end_of__initialization 0017           __pcstackCOMMON 0070  
          __end_of_Setup 00C6           _OPTION_REGbits 0081                  ??_Setup 0075  
             __pmaintext 00E4               __pintentry 0004                  _SSPSTAT 0094  
              ?_spiWrite 0070                  __ptext1 0068                  __ptext2 0099  
                __ptext3 00C6                  __ptext4 001B                  __ptext5 00F3  
                _initOsc 0068             __size_of_isr 004D                  _spiInit 00C6  
   end_of_initialization 0017           _estadoSalidaC2 0077               ??_spiWrite 0070  
              _PORTBbits 0006                _TRISAbits 0085              spiWrite@dat 0070  
    start_initialization 0013              __end_of_isr 0068             _estadoSalida 0079  
            __pbssCOMMON 0076                ___latbits 0002            __pcstackBANK0 0020  
      __size_of_spiWrite 0006                 ?_initOsc 0070                 ?_spiInit 0020  
         __size_of_Setup 002D     spiInit@sTransmitEdge 0022        interrupt_function 0004  
               _IOCBbits 0096                 _PIE1bits 008C       spiInit@sDataSample 0020  
               _PIR1bits 000C                 _WPUBbits 0095         __size_of_initOsc 0031  
       __size_of_spiInit 001E                 _estadoC2 0076            __size_of_main 000F  
               _spiWrite 00F3             spiInit@sType 0074        spiInit@sClockIdle 0021  
             _INTCONbits 000B                 intlevel1 0000               _OSCCONbits 008F  
